2011-03-26 12:51:18,371 INFO org.apache.hadoop.hdfs.server.namenode.NameNode: STARTUP_MSG: 
/************************************************************
STARTUP_MSG: Starting NameNode
STARTUP_MSG:   host = nerdrage/127.0.0.1
STARTUP_MSG:   args = []
STARTUP_MSG:   version = 0.21.0
STARTUP_MSG:   classpath = /home/grep/dev/secdoop/hadoop/bin/../conf:/usr/lib/jvm/java-6-sun/lib/tools.jar:/home/grep/dev/secdoop/hadoop/bin/..:/home/grep/dev/secdoop/hadoop/bin/../hadoop-common-0.21.0.jar:/home/grep/dev/secdoop/hadoop/bin/../hadoop-common-test-0.21.0.jar:/home/grep/dev/secdoop/hadoop/bin/../hadoop-hdfs-0.21.0.jar:/home/grep/dev/secdoop/hadoop/bin/../hadoop-hdfs-0.21.0-sources.jar:/home/grep/dev/secdoop/hadoop/bin/../hadoop-hdfs-ant-0.21.0.jar:/home/grep/dev/secdoop/hadoop/bin/../hadoop-hdfs-test-0.21.0.jar:/home/grep/dev/secdoop/hadoop/bin/../hadoop-hdfs-test-0.21.0-sources.jar:/home/grep/dev/secdoop/hadoop/bin/../hadoop-mapred-0.21.0.jar:/home/grep/dev/secdoop/hadoop/bin/../hadoop-mapred-0.21.0-sources.jar:/home/grep/dev/secdoop/hadoop/bin/../hadoop-mapred-examples-0.21.0.jar:/home/grep/dev/secdoop/hadoop/bin/../hadoop-mapred-test-0.21.0.jar:/home/grep/dev/secdoop/hadoop/bin/../hadoop-mapred-tools-0.21.0.jar:/home/grep/dev/secdoop/hadoop/bin/../lib/ant-1.6.5.jar:/home/grep/dev/secdoop/hadoop/bin/../lib/asm-3.2.jar:/home/grep/dev/secdoop/hadoop/bin/../lib/aspectjrt-1.6.5.jar:/home/grep/dev/secdoop/hadoop/bin/../lib/aspectjtools-1.6.5.jar:/home/grep/dev/secdoop/hadoop/bin/../lib/avro-1.3.2.jar:/home/grep/dev/secdoop/hadoop/bin/../lib/commons-cli-1.2.jar:/home/grep/dev/secdoop/hadoop/bin/../lib/commons-codec-1.4.jar:/home/grep/dev/secdoop/hadoop/bin/../lib/commons-el-1.0.jar:/home/grep/dev/secdoop/hadoop/bin/../lib/commons-httpclient-3.1.jar:/home/grep/dev/secdoop/hadoop/bin/../lib/commons-lang-2.5.jar:/home/grep/dev/secdoop/hadoop/bin/../lib/commons-logging-1.1.1.jar:/home/grep/dev/secdoop/hadoop/bin/../lib/commons-logging-api-1.1.jar:/home/grep/dev/secdoop/hadoop/bin/../lib/commons-net-1.4.1.jar:/home/grep/dev/secdoop/hadoop/bin/../lib/core-3.1.1.jar:/home/grep/dev/secdoop/hadoop/bin/../lib/ftplet-api-1.0.0.jar:/home/grep/dev/secdoop/hadoop/bin/../lib/ftpserver-core-1.0.0.jar:/home/grep/dev/secdoop/hadoop/bin/../lib/ftpserver-deprecated-1.0.0-M2.jar:/home/grep/dev/secdoop/hadoop/bin/../lib/hsqldb-1.8.0.10.jar:/home/grep/dev/secdoop/hadoop/bin/../lib/jackson-core-asl-1.4.2.jar:/home/grep/dev/secdoop/hadoop/bin/../lib/jackson-mapper-asl-1.4.2.jar:/home/grep/dev/secdoop/hadoop/bin/../lib/jasper-compiler-5.5.12.jar:/home/grep/dev/secdoop/hadoop/bin/../lib/jasper-runtime-5.5.12.jar:/home/grep/dev/secdoop/hadoop/bin/../lib/jdiff-1.0.9.jar:/home/grep/dev/secdoop/hadoop/bin/../lib/jets3t-0.7.1.jar:/home/grep/dev/secdoop/hadoop/bin/../lib/jetty-6.1.14.jar:/home/grep/dev/secdoop/hadoop/bin/../lib/jetty-util-6.1.14.jar:/home/grep/dev/secdoop/hadoop/bin/../lib/jsp-2.1-6.1.14.jar:/home/grep/dev/secdoop/hadoop/bin/../lib/jsp-api-2.1-6.1.14.jar:/home/grep/dev/secdoop/hadoop/bin/../lib/junit-4.8.1.jar:/home/grep/dev/secdoop/hadoop/bin/../lib/kfs-0.3.jar:/home/grep/dev/secdoop/hadoop/bin/../lib/log4j-1.2.15.jar:/home/grep/dev/secdoop/hadoop/bin/../lib/mina-core-2.0.0-M5.jar:/home/grep/dev/secdoop/hadoop/bin/../lib/mockito-all-1.8.2.jar:/home/grep/dev/secdoop/hadoop/bin/../lib/oro-2.0.8.jar:/home/grep/dev/secdoop/hadoop/bin/../lib/paranamer-2.2.jar:/home/grep/dev/secdoop/hadoop/bin/../lib/paranamer-ant-2.2.jar:/home/grep/dev/secdoop/hadoop/bin/../lib/paranamer-generator-2.2.jar:/home/grep/dev/secdoop/hadoop/bin/../lib/qdox-1.10.1.jar:/home/grep/dev/secdoop/hadoop/bin/../lib/servlet-api-2.5-6.1.14.jar:/home/grep/dev/secdoop/hadoop/bin/../lib/slf4j-api-1.5.11.jar:/home/grep/dev/secdoop/hadoop/bin/../lib/slf4j-log4j12-1.5.11.jar:/home/grep/dev/secdoop/hadoop/bin/../lib/xmlenc-0.52.jar:/home/grep/dev/secdoop/hadoop/bin/../lib/jsp-2.1/*.jar:/home/grep/dev/secdoop/hadoop/hdfs/bin/../conf:/home/grep/dev/secdoop/hadoop/hdfs/bin/../hadoop-hdfs-*.jar:/home/grep/dev/secdoop/hadoop/hdfs/bin/../lib/*.jar:/home/grep/dev/secdoop/hadoop/bin/../mapred/conf:/home/grep/dev/secdoop/hadoop/bin/../mapred/hadoop-mapred-*.jar:/home/grep/dev/secdoop/hadoop/bin/../mapred/lib/*.jar:/home/grep/dev/secdoop/hadoop/hdfs/bin/../hadoop-hdfs-*.jar:/home/grep/dev/secdoop/hadoop/hdfs/bin/../lib/*.jar
STARTUP_MSG:   build = https://svn.apache.org/repos/asf/hadoop/common/branches/branch-0.21 -r 985326; compiled by 'tomwhite' on Tue Aug 17 01:02:28 EDT 2010
************************************************************/
2011-03-26 12:51:19,191 INFO org.apache.hadoop.security.Groups: Group mapping impl=org.apache.hadoop.security.ShellBasedUnixGroupsMapping; cacheTimeout=300000
2011-03-26 12:51:19,267 ERROR org.apache.hadoop.hdfs.server.namenode.NameNode: java.lang.IllegalArgumentException: Invalid URI for NameNode address (check fs.defaultFS): file:/// has no authority.
	at org.apache.hadoop.hdfs.server.namenode.NameNode.getAddress(NameNode.java:214)
	at org.apache.hadoop.hdfs.server.namenode.NameNode.getRpcServerAddress(NameNode.java:254)
	at org.apache.hadoop.hdfs.server.namenode.NameNode.initialize(NameNode.java:292)
	at org.apache.hadoop.hdfs.server.namenode.NameNode.<init>(NameNode.java:433)
	at org.apache.hadoop.hdfs.server.namenode.NameNode.<init>(NameNode.java:421)
	at org.apache.hadoop.hdfs.server.namenode.NameNode.createNameNode(NameNode.java:1359)
	at org.apache.hadoop.hdfs.server.namenode.NameNode.main(NameNode.java:1368)

2011-03-26 12:51:19,289 INFO org.apache.hadoop.hdfs.server.namenode.NameNode: SHUTDOWN_MSG: 
/************************************************************
SHUTDOWN_MSG: Shutting down NameNode at nerdrage/127.0.0.1
************************************************************/
